mode: atomic
github.com/cloudfoundry-incubator/garden-linux/process/env.go:13.42,16.28 2 9
github.com/cloudfoundry-incubator/garden-linux/process/env.go:36.2,36.17 1 6
github.com/cloudfoundry-incubator/garden-linux/process/env.go:16.28,17.16 1 15
github.com/cloudfoundry-incubator/garden-linux/process/env.go:21.3,23.23 2 14
github.com/cloudfoundry-incubator/garden-linux/process/env.go:27.3,29.16 2 13
github.com/cloudfoundry-incubator/garden-linux/process/env.go:33.3,33.19 1 12
github.com/cloudfoundry-incubator/garden-linux/process/env.go:17.16,19.4 1 1
github.com/cloudfoundry-incubator/garden-linux/process/env.go:23.23,25.4 1 1
github.com/cloudfoundry-incubator/garden-linux/process/env.go:29.16,31.4 1 1
github.com/cloudfoundry-incubator/garden-linux/process/env.go:39.37,42.30 2 2
github.com/cloudfoundry-incubator/garden-linux/process/env.go:46.2,46.32 1 2
github.com/cloudfoundry-incubator/garden-linux/process/env.go:50.2,50.15 1 2
github.com/cloudfoundry-incubator/garden-linux/process/env.go:42.30,44.3 1 2
github.com/cloudfoundry-incubator/garden-linux/process/env.go:46.32,48.3 1 2
github.com/cloudfoundry-incubator/garden-linux/process/env.go:53.33,57.30 3 9
github.com/cloudfoundry-incubator/garden-linux/process/env.go:62.2,64.14 2 9
github.com/cloudfoundry-incubator/garden-linux/process/env.go:57.30,60.3 2 17
github.com/cloudfoundry-incubator/garden-linux/process/env.go:67.32,69.2 1 1
github.com/cloudfoundry-incubator/garden-linux/process/env.go:71.48,73.16 2 3
github.com/cloudfoundry-incubator/garden-linux/process/env.go:76.2,78.29 3 2
github.com/cloudfoundry-incubator/garden-linux/process/env.go:83.2,83.30 1 2
github.com/cloudfoundry-incubator/garden-linux/process/env.go:73.16,75.3 1 1
github.com/cloudfoundry-incubator/garden-linux/process/env.go:78.29,79.17 1 4
github.com/cloudfoundry-incubator/garden-linux/process/env.go:79.17,81.4 1 3