mode: atomic
github.com/cloudfoundry-incubator/garden-linux/container_daemon/unix_socket/connector.go:22.65,24.16 2 5
github.com/cloudfoundry-incubator/garden-linux/container_daemon/unix_socket/connector.go:27.2,30.16 3 4
github.com/cloudfoundry-incubator/garden-linux/container_daemon/unix_socket/connector.go:34.2,35.16 2 4
github.com/cloudfoundry-incubator/garden-linux/container_daemon/unix_socket/connector.go:39.2,39.23 1 4
github.com/cloudfoundry-incubator/garden-linux/container_daemon/unix_socket/connector.go:24.16,26.3 1 1
github.com/cloudfoundry-incubator/garden-linux/container_daemon/unix_socket/connector.go:30.16,32.3 1 0
github.com/cloudfoundry-incubator/garden-linux/container_daemon/unix_socket/connector.go:35.16,37.3 1 0
github.com/cloudfoundry-incubator/garden-linux/container_daemon/unix_socket/connector.go:42.49,48.16 5 4
github.com/cloudfoundry-incubator/garden-linux/container_daemon/unix_socket/connector.go:52.2,52.11 1 4
github.com/cloudfoundry-incubator/garden-linux/container_daemon/unix_socket/connector.go:65.2,66.16 2 3
github.com/cloudfoundry-incubator/garden-linux/container_daemon/unix_socket/connector.go:70.2,70.19 1 3
github.com/cloudfoundry-incubator/garden-linux/container_daemon/unix_socket/connector.go:74.2,76.16 3 3
github.com/cloudfoundry-incubator/garden-linux/container_daemon/unix_socket/connector.go:80.2,81.25 2 3
github.com/cloudfoundry-incubator/garden-linux/container_daemon/unix_socket/connector.go:85.2,85.33 1 3
github.com/cloudfoundry-incubator/garden-linux/container_daemon/unix_socket/connector.go:48.16,50.3 1 0
github.com/cloudfoundry-incubator/garden-linux/container_daemon/unix_socket/connector.go:52.11,54.17 2 4
github.com/cloudfoundry-incubator/garden-linux/container_daemon/unix_socket/connector.go:58.3,58.32 1 4
github.com/cloudfoundry-incubator/garden-linux/container_daemon/unix_socket/connector.go:54.17,56.4 1 0
github.com/cloudfoundry-incubator/garden-linux/container_daemon/unix_socket/connector.go:58.32,60.4 1 1
github.com/cloudfoundry-incubator/garden-linux/container_daemon/unix_socket/connector.go:61.3,63.3 1 0
github.com/cloudfoundry-incubator/garden-linux/container_daemon/unix_socket/connector.go:66.16,68.3 1 0
github.com/cloudfoundry-incubator/garden-linux/container_daemon/unix_socket/connector.go:70.19,72.3 1 0
github.com/cloudfoundry-incubator/garden-linux/container_daemon/unix_socket/connector.go:76.16,78.3 1 0
github.com/cloudfoundry-incubator/garden-linux/container_daemon/unix_socket/connector.go:81.25,83.3 1 6
github.com/cloudfoundry-incubator/garden-linux/container_daemon/unix_socket/listener.go:28.64,33.16 4 8
github.com/cloudfoundry-incubator/garden-linux/container_daemon/unix_socket/listener.go:37.2,37.15 1 5
github.com/cloudfoundry-incubator/garden-linux/container_daemon/unix_socket/listener.go:33.16,35.3 1 3
github.com/cloudfoundry-incubator/garden-linux/container_daemon/unix_socket/listener.go:40.66,45.16 4 1
github.com/cloudfoundry-incubator/garden-linux/container_daemon/unix_socket/listener.go:49.2,49.15 1 1
github.com/cloudfoundry-incubator/garden-linux/container_daemon/unix_socket/listener.go:45.16,47.3 1 0
github.com/cloudfoundry-incubator/garden-linux/container_daemon/unix_socket/listener.go:52.55,53.23 1 4
github.com/cloudfoundry-incubator/garden-linux/container_daemon/unix_socket/listener.go:57.2,59.6 3 4
github.com/cloudfoundry-incubator/garden-linux/container_daemon/unix_socket/listener.go:53.23,55.3 1 0
github.com/cloudfoundry-incubator/garden-linux/container_daemon/unix_socket/listener.go:59.6,61.17 2 8
github.com/cloudfoundry-incubator/garden-linux/container_daemon/unix_socket/listener.go:65.3,65.53 1 4
github.com/cloudfoundry-incubator/garden-linux/container_daemon/unix_socket/listener.go:61.17,63.4 1 4
github.com/cloudfoundry-incubator/garden-linux/container_daemon/unix_socket/listener.go:65.53,72.4 4 4
github.com/cloudfoundry-incubator/garden-linux/container_daemon/unix_socket/listener.go:76.82,78.24 2 4
github.com/cloudfoundry-incubator/garden-linux/container_daemon/unix_socket/listener.go:81.2,89.26 4 4
github.com/cloudfoundry-incubator/garden-linux/container_daemon/unix_socket/listener.go:92.2,98.29 3 4
github.com/cloudfoundry-incubator/garden-linux/container_daemon/unix_socket/listener.go:78.24,80.3 1 1
github.com/cloudfoundry-incubator/garden-linux/container_daemon/unix_socket/listener.go:89.26,91.3 1 8
github.com/cloudfoundry-incubator/garden-linux/container_daemon/unix_socket/listener.go:98.29,100.3 1 8
github.com/cloudfoundry-incubator/garden-linux/container_daemon/unix_socket/listener.go:103.45,105.9 2 0
github.com/cloudfoundry-incubator/garden-linux/container_daemon/unix_socket/listener.go:108.2,108.28 1 0
github.com/cloudfoundry-incubator/garden-linux/container_daemon/unix_socket/listener.go:105.9,107.3 1 0
github.com/cloudfoundry-incubator/garden-linux/container_daemon/unix_socket/listener.go:111.34,113.2 1 6