mode: atomic
github.com/cloudfoundry-incubator/garden-linux/iodaemon/child_linux.go:8.60,16.2 1 14
github.com/cloudfoundry-incubator/garden-linux/iodaemon/main.go:46.13,51.17 3 0
github.com/cloudfoundry-incubator/garden-linux/iodaemon/main.go:52.2,53.20 1 0
github.com/cloudfoundry-incubator/garden-linux/iodaemon/main.go:57.3,58.13 2 0
github.com/cloudfoundry-incubator/garden-linux/iodaemon/main.go:62.3,64.10 2 0
github.com/cloudfoundry-incubator/garden-linux/iodaemon/main.go:66.2,67.10 1 0
github.com/cloudfoundry-incubator/garden-linux/iodaemon/main.go:53.20,55.4 1 0
github.com/cloudfoundry-incubator/garden-linux/iodaemon/main.go:58.13,60.4 1 0
github.com/cloudfoundry-incubator/garden-linux/iodaemon/main.go:71.14,74.2 2 0
github.com/cloudfoundry-incubator/garden-linux/iodaemon/spawn.go:35.3,38.27 2 14
github.com/cloudfoundry-incubator/garden-linux/iodaemon/spawn.go:49.2,49.11 1 14
github.com/cloudfoundry-incubator/garden-linux/iodaemon/spawn.go:53.2,54.16 2 14
github.com/cloudfoundry-incubator/garden-linux/iodaemon/spawn.go:59.2,60.16 2 14
github.com/cloudfoundry-incubator/garden-linux/iodaemon/spawn.go:65.2,68.13 3 14
github.com/cloudfoundry-incubator/garden-linux/iodaemon/spawn.go:76.2,76.16 1 14
github.com/cloudfoundry-incubator/garden-linux/iodaemon/spawn.go:81.2,82.16 2 14
github.com/cloudfoundry-incubator/garden-linux/iodaemon/spawn.go:87.2,87.64 1 14
github.com/cloudfoundry-incubator/garden-linux/iodaemon/spawn.go:102.2,102.37 1 14
github.com/cloudfoundry-incubator/garden-linux/iodaemon/spawn.go:106.2,106.29 1 14
github.com/cloudfoundry-incubator/garden-linux/iodaemon/spawn.go:118.2,118.25 1 14
github.com/cloudfoundry-incubator/garden-linux/iodaemon/spawn.go:125.2,127.24 2 14
github.com/cloudfoundry-incubator/garden-linux/iodaemon/spawn.go:133.2,136.9 3 14
github.com/cloudfoundry-incubator/garden-linux/iodaemon/spawn.go:147.2,150.23 4 14
github.com/cloudfoundry-incubator/garden-linux/iodaemon/spawn.go:38.27,39.12 1 0
github.com/cloudfoundry-incubator/garden-linux/iodaemon/spawn.go:42.3,43.22 2 0
github.com/cloudfoundry-incubator/garden-linux/iodaemon/spawn.go:46.3,46.17 1 0
github.com/cloudfoundry-incubator/garden-linux/iodaemon/spawn.go:39.12,41.4 1 0
github.com/cloudfoundry-incubator/garden-linux/iodaemon/spawn.go:43.22,45.4 1 0
github.com/cloudfoundry-incubator/garden-linux/iodaemon/spawn.go:49.11,51.3 1 0
github.com/cloudfoundry-incubator/garden-linux/iodaemon/spawn.go:54.16,57.3 2 0
github.com/cloudfoundry-incubator/garden-linux/iodaemon/spawn.go:60.16,63.3 2 0
github.com/cloudfoundry-incubator/garden-linux/iodaemon/spawn.go:68.13,72.3 3 6
github.com/cloudfoundry-incubator/garden-linux/iodaemon/spawn.go:72.3,74.3 1 8
github.com/cloudfoundry-incubator/garden-linux/iodaemon/spawn.go:76.16,79.3 2 0
github.com/cloudfoundry-incubator/garden-linux/iodaemon/spawn.go:82.16,85.3 2 0
github.com/cloudfoundry-incubator/garden-linux/iodaemon/spawn.go:87.64,90.17 3 24
github.com/cloudfoundry-incubator/garden-linux/iodaemon/spawn.go:99.3,99.19 1 14
github.com/cloudfoundry-incubator/garden-linux/iodaemon/spawn.go:90.17,91.11 1 10
github.com/cloudfoundry-incubator/garden-linux/iodaemon/spawn.go:92.4,93.20 1 10
github.com/cloudfoundry-incubator/garden-linux/iodaemon/spawn.go:94.4,96.20 2 0
github.com/cloudfoundry-incubator/garden-linux/iodaemon/spawn.go:102.37,104.3 1 14
github.com/cloudfoundry-incubator/garden-linux/iodaemon/spawn.go:106.29,108.17 2 13
github.com/cloudfoundry-incubator/garden-linux/iodaemon/spawn.go:113.3,115.13 3 13
github.com/cloudfoundry-incubator/garden-linux/iodaemon/spawn.go:108.17,111.4 2 0
github.com/cloudfoundry-incubator/garden-linux/iodaemon/spawn.go:118.25,120.30 2 13
github.com/cloudfoundry-incubator/garden-linux/iodaemon/spawn.go:120.30,122.4 1 13
github.com/cloudfoundry-incubator/garden-linux/iodaemon/spawn.go:127.24,131.3 3 13
github.com/cloudfoundry-incubator/garden-linux/iodaemon/spawn.go:137.2,141.15 4 13
github.com/cloudfoundry-incubator/garden-linux/iodaemon/spawn.go:142.2,144.8 2 1
github.com/cloudfoundry-incubator/garden-linux/iodaemon/spawn.go:154.30,157.6 2 14
github.com/cloudfoundry-incubator/garden-linux/iodaemon/spawn.go:157.6,159.17 2 24
github.com/cloudfoundry-incubator/garden-linux/iodaemon/spawn.go:163.3,165.20 2 14
github.com/cloudfoundry-incubator/garden-linux/iodaemon/spawn.go:159.17,161.4 1 10
github.com/cloudfoundry-incubator/garden-linux/iodaemon/spawn.go:169.104,171.16 2 13
github.com/cloudfoundry-incubator/garden-linux/iodaemon/spawn.go:174.2,177.20 3 13
github.com/cloudfoundry-incubator/garden-linux/iodaemon/spawn.go:171.16,173.3 1 0
github.com/cloudfoundry-incubator/garden-linux/iodaemon/spawn.go:180.53,182.2 1 37
github.com/cloudfoundry-incubator/garden-linux/iodaemon/spawn.go:184.58,188.16 3 0
github.com/cloudfoundry-incubator/garden-linux/iodaemon/spawn.go:192.2,197.16 5 0
github.com/cloudfoundry-incubator/garden-linux/iodaemon/spawn.go:188.16,190.3 1 0
github.com/cloudfoundry-incubator/garden-linux/iodaemon/spawn.go:197.16,199.3 1 0
github.com/cloudfoundry-incubator/garden-linux/iodaemon/spawn.go:202.54,205.39 2 14
github.com/cloudfoundry-incubator/garden-linux/iodaemon/spawn.go:209.2,210.16 2 14
github.com/cloudfoundry-incubator/garden-linux/iodaemon/spawn.go:214.2,214.39 1 14
github.com/cloudfoundry-incubator/garden-linux/iodaemon/spawn.go:205.39,207.3 1 0
github.com/cloudfoundry-incubator/garden-linux/iodaemon/spawn.go:210.16,212.3 1 0
github.com/cloudfoundry-incubator/garden-linux/iodaemon/spawn.go:217.100,219.16 2 24
github.com/cloudfoundry-incubator/garden-linux/iodaemon/spawn.go:223.2,230.16 3 14
github.com/cloudfoundry-incubator/garden-linux/iodaemon/spawn.go:234.2,234.18 1 14
github.com/cloudfoundry-incubator/garden-linux/iodaemon/spawn.go:219.16,221.3 1 10
github.com/cloudfoundry-incubator/garden-linux/iodaemon/spawn.go:230.16,232.3 1 0
github.com/cloudfoundry-incubator/garden-linux/iodaemon/spawn.go:239.87,242.6 2 14
github.com/cloudfoundry-incubator/garden-linux/iodaemon/spawn.go:242.6,245.17 3 27
github.com/cloudfoundry-incubator/garden-linux/iodaemon/spawn.go:249.3,249.30 1 13
github.com/cloudfoundry-incubator/garden-linux/iodaemon/spawn.go:245.17,246.9 1 10
github.com/cloudfoundry-incubator/garden-linux/iodaemon/spawn.go:249.30,252.4 2 1
github.com/cloudfoundry-incubator/garden-linux/iodaemon/spawn.go:252.4,252.23 1 12
github.com/cloudfoundry-incubator/garden-linux/iodaemon/spawn.go:252.23,255.15 3 2
github.com/cloudfoundry-incubator/garden-linux/iodaemon/spawn.go:258.4,258.18 1 2
github.com/cloudfoundry-incubator/garden-linux/iodaemon/spawn.go:255.15,257.5 1 1
github.com/cloudfoundry-incubator/garden-linux/iodaemon/spawn.go:258.18,260.10 2 0
github.com/cloudfoundry-incubator/garden-linux/iodaemon/spawn.go:262.4,264.18 2 10
github.com/cloudfoundry-incubator/garden-linux/iodaemon/spawn.go:264.18,266.10 2 0
github.com/cloudfoundry-incubator/garden-linux/iodaemon/spawn.go:272.93,276.16 2 8
github.com/cloudfoundry-incubator/garden-linux/iodaemon/spawn.go:280.2,281.16 2 8
github.com/cloudfoundry-incubator/garden-linux/iodaemon/spawn.go:285.2,286.16 2 8
github.com/cloudfoundry-incubator/garden-linux/iodaemon/spawn.go:290.2,290.8 1 8
github.com/cloudfoundry-incubator/garden-linux/iodaemon/spawn.go:276.16,278.3 1 0
github.com/cloudfoundry-incubator/garden-linux/iodaemon/spawn.go:281.16,283.3 1 0
github.com/cloudfoundry-incubator/garden-linux/iodaemon/spawn.go:286.16,288.3 1 0
github.com/cloudfoundry-incubator/garden-linux/iodaemon/spawn.go:293.127,296.16 2 6
github.com/cloudfoundry-incubator/garden-linux/iodaemon/spawn.go:300.2,301.16 2 6
github.com/cloudfoundry-incubator/garden-linux/iodaemon/spawn.go:308.2,317.8 7 6
github.com/cloudfoundry-incubator/garden-linux/iodaemon/spawn.go:296.16,298.3 1 0
github.com/cloudfoundry-incubator/garden-linux/iodaemon/spawn.go:301.16,303.3 1 0
github.com/cloudfoundry-incubator/garden-linux/iodaemon/winsize.go:16.55,25.12 2 7
github.com/cloudfoundry-incubator/garden-linux/iodaemon/winsize.go:29.2,29.12 1 7
github.com/cloudfoundry-incubator/garden-linux/iodaemon/winsize.go:25.12,27.3 1 0