mode: atomic
github.com/cloudfoundry-incubator/garden-linux/containerizer/system/process_reaper.go:20.54,32.2 5 6
github.com/cloudfoundry-incubator/garden-linux/containerizer/system/process_reaper.go:34.32,36.2 1 6
github.com/cloudfoundry-incubator/garden-linux/containerizer/system/process_reaper.go:38.52,42.36 3 505
github.com/cloudfoundry-incubator/garden-linux/containerizer/system/process_reaper.go:47.2,50.12 3 505
github.com/cloudfoundry-incubator/garden-linux/containerizer/system/process_reaper.go:42.36,45.3 2 0
github.com/cloudfoundry-incubator/garden-linux/containerizer/system/process_reaper.go:53.50,55.9 2 505
github.com/cloudfoundry-incubator/garden-linux/containerizer/system/process_reaper.go:59.2,63.19 5 505
github.com/cloudfoundry-incubator/garden-linux/containerizer/system/process_reaper.go:55.9,56.54 1 0
github.com/cloudfoundry-incubator/garden-linux/containerizer/system/process_reaper.go:66.35,67.6 1 6
github.com/cloudfoundry-incubator/garden-linux/containerizer/system/process_reaper.go:67.6,71.3 3 416
github.com/cloudfoundry-incubator/garden-linux/containerizer/system/process_reaper.go:74.32,75.6 1 410
github.com/cloudfoundry-incubator/garden-linux/containerizer/system/process_reaper.go:75.6,81.71 5 915
github.com/cloudfoundry-incubator/garden-linux/containerizer/system/process_reaper.go:85.3,85.17 1 505
github.com/cloudfoundry-incubator/garden-linux/containerizer/system/process_reaper.go:90.3,92.37 2 505
github.com/cloudfoundry-incubator/garden-linux/containerizer/system/process_reaper.go:81.71,82.9 1 410
github.com/cloudfoundry-incubator/garden-linux/containerizer/system/process_reaper.go:85.17,87.9 2 0
github.com/cloudfoundry-incubator/garden-linux/containerizer/system/process_reaper.go:92.37,95.4 2 505
github.com/cloudfoundry-incubator/garden-linux/containerizer/system/process_reaper.go:95.4,97.4 1 0
github.com/cloudfoundry-incubator/garden-linux/containerizer/system/process_reaper.go:101.60,106.2 4 1010
github.com/cloudfoundry-incubator/garden-linux/containerizer/system/rootfs_linux.go:13.22,14.16 1 0
github.com/cloudfoundry-incubator/garden-linux/containerizer/system/rootfs_linux.go:14.16,15.13 1 0
github.com/cloudfoundry-incubator/garden-linux/containerizer/system/rootfs_linux.go:19.32,20.47 1 0
github.com/cloudfoundry-incubator/garden-linux/containerizer/system/rootfs_linux.go:24.2,24.103 1 0
github.com/cloudfoundry-incubator/garden-linux/containerizer/system/rootfs_linux.go:28.2,28.41 1 0
github.com/cloudfoundry-incubator/garden-linux/containerizer/system/rootfs_linux.go:32.2,32.61 1 0
github.com/cloudfoundry-incubator/garden-linux/containerizer/system/rootfs_linux.go:36.2,36.66 1 0
github.com/cloudfoundry-incubator/garden-linux/containerizer/system/rootfs_linux.go:40.2,40.38 1 0
github.com/cloudfoundry-incubator/garden-linux/containerizer/system/rootfs_linux.go:44.2,44.12 1 0
github.com/cloudfoundry-incubator/garden-linux/containerizer/system/rootfs_linux.go:20.47,22.3 1 0
github.com/cloudfoundry-incubator/garden-linux/containerizer/system/rootfs_linux.go:24.103,26.3 1 0
github.com/cloudfoundry-incubator/garden-linux/containerizer/system/rootfs_linux.go:28.41,30.3 1 0
github.com/cloudfoundry-incubator/garden-linux/containerizer/system/rootfs_linux.go:32.61,34.3 1 0
github.com/cloudfoundry-incubator/garden-linux/containerizer/system/rootfs_linux.go:36.66,38.3 1 0
github.com/cloudfoundry-incubator/garden-linux/containerizer/system/rootfs_linux.go:40.38,42.3 1 0
github.com/cloudfoundry-incubator/garden-linux/containerizer/system/rootfs_linux.go:47.39,48.41 1 0
github.com/cloudfoundry-incubator/garden-linux/containerizer/system/rootfs_linux.go:54.2,54.12 1 0
github.com/cloudfoundry-incubator/garden-linux/containerizer/system/rootfs_linux.go:48.41,50.3 1 0
github.com/cloudfoundry-incubator/garden-linux/containerizer/system/rootfs_linux.go:50.3,50.24 1 0
github.com/cloudfoundry-incubator/garden-linux/containerizer/system/rootfs_linux.go:50.24,52.3 1 0
github.com/cloudfoundry-incubator/garden-linux/containerizer/system/unmount_linux.go:9.34,11.2 1 1
github.com/cloudfoundry-incubator/garden-linux/containerizer/system/initializer.go:12.45,13.31 1 2
github.com/cloudfoundry-incubator/garden-linux/containerizer/system/initializer.go:19.2,19.12 1 1
github.com/cloudfoundry-incubator/garden-linux/containerizer/system/initializer.go:13.31,14.37 1 3
github.com/cloudfoundry-incubator/garden-linux/containerizer/system/initializer.go:14.37,16.4 1 1
github.com/cloudfoundry-incubator/garden-linux/containerizer/system/kr_pty.go:13.49,15.2 1 0
github.com/cloudfoundry-incubator/garden-linux/containerizer/system/mount_linux.go:24.30,25.50 1 0
github.com/cloudfoundry-incubator/garden-linux/containerizer/system/mount_linux.go:29.2,29.104 1 0
github.com/cloudfoundry-incubator/garden-linux/containerizer/system/mount_linux.go:33.2,33.12 1 0
github.com/cloudfoundry-incubator/garden-linux/containerizer/system/mount_linux.go:25.50,27.3 1 0
github.com/cloudfoundry-incubator/garden-linux/containerizer/system/mount_linux.go:29.104,31.3 1 0
github.com/cloudfoundry-incubator/garden-linux/containerizer/system/namespacing_execer_linux.go:19.79,29.19 8 8
github.com/cloudfoundry-incubator/garden-linux/containerizer/system/namespacing_execer_linux.go:53.2,56.51 3 8
github.com/cloudfoundry-incubator/garden-linux/containerizer/system/namespacing_execer_linux.go:60.2,60.29 1 8
github.com/cloudfoundry-incubator/garden-linux/containerizer/system/namespacing_execer_linux.go:29.19,51.3 4 7
github.com/cloudfoundry-incubator/garden-linux/containerizer/system/namespacing_execer_linux.go:56.51,58.3 1 0