mode: atomic
github.com/cloudfoundry-incubator/garden-linux/container_daemon/user.go:12.67,19.2 2 223
github.com/cloudfoundry-incubator/garden-linux/container_daemon/detach.go:10.52,21.2 7 0
github.com/cloudfoundry-incubator/garden-linux/container_daemon/detach.go:23.43,24.16 1 0
github.com/cloudfoundry-incubator/garden-linux/container_daemon/detach.go:28.2,28.10 1 0
github.com/cloudfoundry-incubator/garden-linux/container_daemon/detach.go:24.16,25.13 1 0
github.com/cloudfoundry-incubator/garden-linux/container_daemon/pidfile.go:11.41,13.2 1 0
github.com/cloudfoundry-incubator/garden-linux/container_daemon/pidfile.go:15.29,16.2 0 0
github.com/cloudfoundry-incubator/garden-linux/container_daemon/pidfile.go:22.39,24.2 1 14
github.com/cloudfoundry-incubator/garden-linux/container_daemon/pidfile.go:26.27,28.2 1 2
github.com/cloudfoundry-incubator/garden-linux/container_daemon/prepare.go:30.86,40.16 8 242
github.com/cloudfoundry-incubator/garden-linux/container_daemon/prepare.go:44.2,45.71 2 241
github.com/cloudfoundry-incubator/garden-linux/container_daemon/prepare.go:69.2,71.14 2 238
github.com/cloudfoundry-incubator/garden-linux/container_daemon/prepare.go:79.2,87.17 3 238
github.com/cloudfoundry-incubator/garden-linux/container_daemon/prepare.go:40.16,42.3 1 1
github.com/cloudfoundry-incubator/garden-linux/container_daemon/prepare.go:45.71,46.61 1 240
github.com/cloudfoundry-incubator/garden-linux/container_daemon/prepare.go:49.3,49.61 1 239
github.com/cloudfoundry-incubator/garden-linux/container_daemon/prepare.go:52.3,54.15 3 238
github.com/cloudfoundry-incubator/garden-linux/container_daemon/prepare.go:58.3,58.21 1 238
github.com/cloudfoundry-incubator/garden-linux/container_daemon/prepare.go:46.61,48.4 1 1
github.com/cloudfoundry-incubator/garden-linux/container_daemon/prepare.go:49.61,51.4 1 1
github.com/cloudfoundry-incubator/garden-linux/container_daemon/prepare.go:54.15,56.4 1 237
github.com/cloudfoundry-incubator/garden-linux/container_daemon/prepare.go:58.21,60.4 1 1
github.com/cloudfoundry-incubator/garden-linux/container_daemon/prepare.go:60.4,62.4 1 237
github.com/cloudfoundry-incubator/garden-linux/container_daemon/prepare.go:63.3,63.23 1 1
github.com/cloudfoundry-incubator/garden-linux/container_daemon/prepare.go:63.23,65.3 1 1
github.com/cloudfoundry-incubator/garden-linux/container_daemon/prepare.go:65.3,67.3 1 0
github.com/cloudfoundry-incubator/garden-linux/container_daemon/prepare.go:71.14,72.15 1 237
github.com/cloudfoundry-incubator/garden-linux/container_daemon/prepare.go:72.15,74.4 1 224
github.com/cloudfoundry-incubator/garden-linux/container_daemon/prepare.go:74.4,76.4 1 13
github.com/cloudfoundry-incubator/garden-linux/container_daemon/process.go:51.33,53.16 2 15
github.com/cloudfoundry-incubator/garden-linux/container_daemon/process.go:57.2,57.45 1 14
github.com/cloudfoundry-incubator/garden-linux/container_daemon/process.go:61.2,63.23 2 13
github.com/cloudfoundry-incubator/garden-linux/container_daemon/process.go:72.2,72.12 1 13
github.com/cloudfoundry-incubator/garden-linux/container_daemon/process.go:53.16,55.3 1 1
github.com/cloudfoundry-incubator/garden-linux/container_daemon/process.go:57.45,59.3 1 1
github.com/cloudfoundry-incubator/garden-linux/container_daemon/process.go:63.23,67.3 3 6
github.com/cloudfoundry-incubator/garden-linux/container_daemon/process.go:67.3,70.3 2 7
github.com/cloudfoundry-incubator/garden-linux/container_daemon/process.go:75.56,80.2 3 6
github.com/cloudfoundry-incubator/garden-linux/container_daemon/process.go:82.54,83.6 1 6
github.com/cloudfoundry-incubator/garden-linux/container_daemon/process.go:83.6,86.3 2 7
github.com/cloudfoundry-incubator/garden-linux/container_daemon/process.go:89.62,92.2 2 7
github.com/cloudfoundry-incubator/garden-linux/container_daemon/process.go:94.99,95.22 1 6
github.com/cloudfoundry-incubator/garden-linux/container_daemon/process.go:99.2,99.29 1 2
github.com/cloudfoundry-incubator/garden-linux/container_daemon/process.go:107.2,107.28 1 2
github.com/cloudfoundry-incubator/garden-linux/container_daemon/process.go:95.22,97.3 1 4
github.com/cloudfoundry-incubator/garden-linux/container_daemon/process.go:99.29,101.13 2 1
github.com/cloudfoundry-incubator/garden-linux/container_daemon/process.go:101.13,104.4 2 1
github.com/cloudfoundry-incubator/garden-linux/container_daemon/process.go:107.28,109.3 1 1
github.com/cloudfoundry-incubator/garden-linux/container_daemon/process.go:112.128,113.48 1 7
github.com/cloudfoundry-incubator/garden-linux/container_daemon/process.go:117.2,117.49 1 7
github.com/cloudfoundry-incubator/garden-linux/container_daemon/process.go:125.2,125.49 1 7
github.com/cloudfoundry-incubator/garden-linux/container_daemon/process.go:113.48,115.3 1 1
github.com/cloudfoundry-incubator/garden-linux/container_daemon/process.go:117.49,119.13 2 1
github.com/cloudfoundry-incubator/garden-linux/container_daemon/process.go:119.13,122.4 2 1
github.com/cloudfoundry-incubator/garden-linux/container_daemon/process.go:125.49,127.13 2 1
github.com/cloudfoundry-incubator/garden-linux/container_daemon/process.go:127.13,130.4 2 1
github.com/cloudfoundry-incubator/garden-linux/container_daemon/process.go:134.60,138.2 3 1
github.com/cloudfoundry-incubator/garden-linux/container_daemon/process.go:140.56,142.39 2 2
github.com/cloudfoundry-incubator/garden-linux/container_daemon/process.go:145.2,145.40 1 0
github.com/cloudfoundry-incubator/garden-linux/container_daemon/process.go:148.2,148.12 1 0
github.com/cloudfoundry-incubator/garden-linux/container_daemon/process.go:142.39,144.3 1 2
github.com/cloudfoundry-incubator/garden-linux/container_daemon/process.go:145.40,147.3 1 0
github.com/cloudfoundry-incubator/garden-linux/container_daemon/process.go:151.29,152.24 1 1
github.com/cloudfoundry-incubator/garden-linux/container_daemon/process.go:152.24,154.3 1 1
github.com/cloudfoundry-incubator/garden-linux/container_daemon/process.go:157.39,161.2 2 2
github.com/cloudfoundry-incubator/garden-linux/container_daemon/process.go:163.81,165.76 2 13
github.com/cloudfoundry-incubator/garden-linux/container_daemon/process.go:177.2,177.17 1 13
github.com/cloudfoundry-incubator/garden-linux/container_daemon/process.go:165.76,168.27 3 13
github.com/cloudfoundry-incubator/garden-linux/container_daemon/process.go:172.3,174.24 2 13
github.com/cloudfoundry-incubator/garden-linux/container_daemon/process.go:168.27,170.4 1 12
github.com/cloudfoundry-incubator/garden-linux/container_daemon/spawn.go:27.68,28.9 1 335
github.com/cloudfoundry-incubator/garden-linux/container_daemon/spawn.go:28.9,30.3 1 58
github.com/cloudfoundry-incubator/garden-linux/container_daemon/spawn.go:30.3,32.3 1 277
github.com/cloudfoundry-incubator/garden-linux/container_daemon/spawn.go:35.65,37.16 2 58
github.com/cloudfoundry-incubator/garden-linux/container_daemon/spawn.go:41.2,45.28 4 57
github.com/cloudfoundry-incubator/garden-linux/container_daemon/spawn.go:49.2,53.16 4 57
github.com/cloudfoundry-incubator/garden-linux/container_daemon/spawn.go:59.2,59.37 1 7
github.com/cloudfoundry-incubator/garden-linux/container_daemon/spawn.go:37.16,39.3 1 1
github.com/cloudfoundry-incubator/garden-linux/container_daemon/spawn.go:45.28,47.3 1 56
github.com/cloudfoundry-incubator/garden-linux/container_daemon/spawn.go:53.16,57.3 3 50
github.com/cloudfoundry-incubator/garden-linux/container_daemon/spawn.go:62.72,69.25 3 277
github.com/cloudfoundry-incubator/garden-linux/container_daemon/spawn.go:76.2,81.16 5 277
github.com/cloudfoundry-incubator/garden-linux/container_daemon/spawn.go:90.2,90.73 1 227
github.com/cloudfoundry-incubator/garden-linux/container_daemon/spawn.go:69.25,71.17 2 831
github.com/cloudfoundry-incubator/garden-linux/container_daemon/spawn.go:71.17,73.4 1 0
github.com/cloudfoundry-incubator/garden-linux/container_daemon/spawn.go:81.16,82.27 1 50
github.com/cloudfoundry-incubator/garden-linux/container_daemon/spawn.go:87.3,87.18 1 50
github.com/cloudfoundry-incubator/garden-linux/container_daemon/spawn.go:82.27,85.4 2 150
github.com/cloudfoundry-incubator/garden-linux/container_daemon/spawn.go:93.63,95.16 2 334
github.com/cloudfoundry-incubator/garden-linux/container_daemon/spawn.go:99.2,102.42 3 334
github.com/cloudfoundry-incubator/garden-linux/container_daemon/spawn.go:106.2,108.19 2 234
github.com/cloudfoundry-incubator/garden-linux/container_daemon/spawn.go:95.16,97.3 1 0
github.com/cloudfoundry-incubator/garden-linux/container_daemon/spawn.go:102.42,104.3 1 100
github.com/cloudfoundry-incubator/garden-linux/container_daemon/spawn.go:111.95,114.22 3 234
github.com/cloudfoundry-incubator/garden-linux/container_daemon/spawn.go:117.2,118.29 2 234
github.com/cloudfoundry-incubator/garden-linux/container_daemon/spawn.go:114.22,116.3 1 227
github.com/cloudfoundry-incubator/garden-linux/container_daemon/spawn.go:121.28,122.38 1 461
github.com/cloudfoundry-incubator/garden-linux/container_daemon/spawn.go:122.38,124.3 1 461
github.com/cloudfoundry-incubator/garden-linux/container_daemon/daemon.go:38.57,39.44 1 16
github.com/cloudfoundry-incubator/garden-linux/container_daemon/daemon.go:43.2,43.12 1 10
github.com/cloudfoundry-incubator/garden-linux/container_daemon/daemon.go:39.44,41.3 1 1
github.com/cloudfoundry-incubator/garden-linux/container_daemon/daemon.go:46.95,47.15 1 232
github.com/cloudfoundry-incubator/garden-linux/container_daemon/daemon.go:53.2,55.16 3 232
github.com/cloudfoundry-incubator/garden-linux/container_daemon/daemon.go:59.2,61.16 3 232
github.com/cloudfoundry-incubator/garden-linux/container_daemon/daemon.go:65.2,66.16 2 229
github.com/cloudfoundry-incubator/garden-linux/container_daemon/daemon.go:70.2,70.34 1 228
github.com/cloudfoundry-incubator/garden-linux/container_daemon/daemon.go:47.15,48.53 1 232
github.com/cloudfoundry-incubator/garden-linux/container_daemon/daemon.go:48.53,50.4 1 2
github.com/cloudfoundry-incubator/garden-linux/container_daemon/daemon.go:55.16,57.3 1 0
github.com/cloudfoundry-incubator/garden-linux/container_daemon/daemon.go:61.16,63.3 1 2
github.com/cloudfoundry-incubator/garden-linux/container_daemon/daemon.go:66.16,68.3 1 1
github.com/cloudfoundry-incubator/garden-linux/container_daemon/rlimits_manager.go:39.41,41.16 2 2
github.com/cloudfoundry-incubator/garden-linux/container_daemon/rlimits_manager.go:45.2,63.39 2 2
github.com/cloudfoundry-incubator/garden-linux/container_daemon/rlimits_manager.go:69.2,69.12 1 2
github.com/cloudfoundry-incubator/garden-linux/container_daemon/rlimits_manager.go:41.16,43.3 1 0
github.com/cloudfoundry-incubator/garden-linux/container_daemon/rlimits_manager.go:63.39,64.67 1 30
github.com/cloudfoundry-incubator/garden-linux/container_daemon/rlimits_manager.go:64.67,66.4 1 0
github.com/cloudfoundry-incubator/garden-linux/container_daemon/rlimits_manager.go:72.67,74.27 2 2
github.com/cloudfoundry-incubator/garden-linux/container_daemon/rlimits_manager.go:78.2,78.46 1 2
github.com/cloudfoundry-incubator/garden-linux/container_daemon/rlimits_manager.go:84.2,84.12 1 1
github.com/cloudfoundry-incubator/garden-linux/container_daemon/rlimits_manager.go:74.27,76.3 1 0
github.com/cloudfoundry-incubator/garden-linux/container_daemon/rlimits_manager.go:78.46,79.87 1 2
github.com/cloudfoundry-incubator/garden-linux/container_daemon/rlimits_manager.go:79.87,81.4 1 1
github.com/cloudfoundry-incubator/garden-linux/container_daemon/rlimits_manager.go:87.75,90.23 2 224
github.com/cloudfoundry-incubator/garden-linux/container_daemon/rlimits_manager.go:93.2,93.25 1 224
github.com/cloudfoundry-incubator/garden-linux/container_daemon/rlimits_manager.go:96.2,96.24 1 224
github.com/cloudfoundry-incubator/garden-linux/container_daemon/rlimits_manager.go:99.2,99.25 1 224
github.com/cloudfoundry-incubator/garden-linux/container_daemon/rlimits_manager.go:102.2,102.26 1 224
github.com/cloudfoundry-incubator/garden-linux/container_daemon/rlimits_manager.go:105.2,105.26 1 224
github.com/cloudfoundry-incubator/garden-linux/container_daemon/rlimits_manager.go:108.2,108.28 1 224
github.com/cloudfoundry-incubator/garden-linux/container_daemon/rlimits_manager.go:111.2,111.29 1 224
github.com/cloudfoundry-incubator/garden-linux/container_daemon/rlimits_manager.go:114.2,114.25 1 224
github.com/cloudfoundry-incubator/garden-linux/container_daemon/rlimits_manager.go:117.2,117.27 1 224
github.com/cloudfoundry-incubator/garden-linux/container_daemon/rlimits_manager.go:120.2,120.26 1 224
github.com/cloudfoundry-incubator/garden-linux/container_daemon/rlimits_manager.go:123.2,123.24 1 224
github.com/cloudfoundry-incubator/garden-linux/container_daemon/rlimits_manager.go:126.2,126.27 1 224
github.com/cloudfoundry-incubator/garden-linux/container_daemon/rlimits_manager.go:129.2,129.31 1 224
github.com/cloudfoundry-incubator/garden-linux/container_daemon/rlimits_manager.go:132.2,132.26 1 224
github.com/cloudfoundry-incubator/garden-linux/container_daemon/rlimits_manager.go:136.2,136.34 1 224
github.com/cloudfoundry-incubator/garden-linux/container_daemon/rlimits_manager.go:90.23,92.3 1 1
github.com/cloudfoundry-incubator/garden-linux/container_daemon/rlimits_manager.go:93.25,95.3 1 1
github.com/cloudfoundry-incubator/garden-linux/container_daemon/rlimits_manager.go:96.24,98.3 1 1
github.com/cloudfoundry-incubator/garden-linux/container_daemon/rlimits_manager.go:99.25,101.3 1 1
github.com/cloudfoundry-incubator/garden-linux/container_daemon/rlimits_manager.go:102.26,104.3 1 1
github.com/cloudfoundry-incubator/garden-linux/container_daemon/rlimits_manager.go:105.26,107.3 1 1
github.com/cloudfoundry-incubator/garden-linux/container_daemon/rlimits_manager.go:108.28,110.3 1 1
github.com/cloudfoundry-incubator/garden-linux/container_daemon/rlimits_manager.go:111.29,113.3 1 1
github.com/cloudfoundry-incubator/garden-linux/container_daemon/rlimits_manager.go:114.25,116.3 1 1
github.com/cloudfoundry-incubator/garden-linux/container_daemon/rlimits_manager.go:117.27,119.3 1 2
github.com/cloudfoundry-incubator/garden-linux/container_daemon/rlimits_manager.go:120.26,122.3 1 1
github.com/cloudfoundry-incubator/garden-linux/container_daemon/rlimits_manager.go:123.24,125.3 1 1
github.com/cloudfoundry-incubator/garden-linux/container_daemon/rlimits_manager.go:126.27,128.3 1 1
github.com/cloudfoundry-incubator/garden-linux/container_daemon/rlimits_manager.go:129.31,131.3 1 1
github.com/cloudfoundry-incubator/garden-linux/container_daemon/rlimits_manager.go:132.26,134.3 1 1
github.com/cloudfoundry-incubator/garden-linux/container_daemon/rlimits_manager.go:139.81,159.2 2 1
github.com/cloudfoundry-incubator/garden-linux/container_daemon/rlimits_manager.go:161.54,166.29 3 1
github.com/cloudfoundry-incubator/garden-linux/container_daemon/rlimits_manager.go:178.2,178.12 1 1
github.com/cloudfoundry-incubator/garden-linux/container_daemon/rlimits_manager.go:166.29,169.23 2 15
github.com/cloudfoundry-incubator/garden-linux/container_daemon/rlimits_manager.go:169.23,172.28 3 15
github.com/cloudfoundry-incubator/garden-linux/container_daemon/rlimits_manager.go:172.28,174.5 1 15
github.com/cloudfoundry-incubator/garden-linux/container_daemon/rlimits_manager.go:181.56,183.16 2 3
github.com/cloudfoundry-incubator/garden-linux/container_daemon/rlimits_manager.go:187.2,189.16 3 3
github.com/cloudfoundry-incubator/garden-linux/container_daemon/rlimits_manager.go:193.2,193.22 1 3
github.com/cloudfoundry-incubator/garden-linux/container_daemon/rlimits_manager.go:183.16,185.3 1 0
github.com/cloudfoundry-incubator/garden-linux/container_daemon/rlimits_manager.go:189.16,191.3 1 0
github.com/cloudfoundry-incubator/garden-linux/container_daemon/rlimits_manager.go:196.72,199.61 2 30
github.com/cloudfoundry-incubator/garden-linux/container_daemon/rlimits_manager.go:203.2,204.61 2 30
github.com/cloudfoundry-incubator/garden-linux/container_daemon/rlimits_manager.go:208.2,208.12 1 30
github.com/cloudfoundry-incubator/garden-linux/container_daemon/rlimits_manager.go:199.61,201.3 1 0
github.com/cloudfoundry-incubator/garden-linux/container_daemon/rlimits_manager.go:204.61,206.3 1 0
github.com/cloudfoundry-incubator/garden-linux/container_daemon/rlimits_manager.go:211.73,214.24 2 2
github.com/cloudfoundry-incubator/garden-linux/container_daemon/rlimits_manager.go:218.2,218.26 1 2
github.com/cloudfoundry-incubator/garden-linux/container_daemon/rlimits_manager.go:222.2,222.25 1 2
github.com/cloudfoundry-incubator/garden-linux/container_daemon/rlimits_manager.go:226.2,226.26 1 2
github.com/cloudfoundry-incubator/garden-linux/container_daemon/rlimits_manager.go:230.2,230.25 1 2
github.com/cloudfoundry-incubator/garden-linux/container_daemon/rlimits_manager.go:234.2,234.24 1 2
github.com/cloudfoundry-incubator/garden-linux/container_daemon/rlimits_manager.go:238.2,238.26 1 2
github.com/cloudfoundry-incubator/garden-linux/container_daemon/rlimits_manager.go:242.2,242.27 1 2
github.com/cloudfoundry-incubator/garden-linux/container_daemon/rlimits_manager.go:246.2,246.28 1 2
github.com/cloudfoundry-incubator/garden-linux/container_daemon/rlimits_manager.go:250.2,250.23 1 2
github.com/cloudfoundry-incubator/garden-linux/container_daemon/rlimits_manager.go:254.2,254.26 1 2
github.com/cloudfoundry-incubator/garden-linux/container_daemon/rlimits_manager.go:258.2,258.31 1 2
github.com/cloudfoundry-incubator/garden-linux/container_daemon/rlimits_manager.go:262.2,262.29 1 2
github.com/cloudfoundry-incubator/garden-linux/container_daemon/rlimits_manager.go:266.2,266.25 1 2
github.com/cloudfoundry-incubator/garden-linux/container_daemon/rlimits_manager.go:270.2,270.27 1 2
github.com/cloudfoundry-incubator/garden-linux/container_daemon/rlimits_manager.go:274.2,274.10 1 2
github.com/cloudfoundry-incubator/garden-linux/container_daemon/rlimits_manager.go:214.24,216.3 1 0
github.com/cloudfoundry-incubator/garden-linux/container_daemon/rlimits_manager.go:218.26,220.3 1 0
github.com/cloudfoundry-incubator/garden-linux/container_daemon/rlimits_manager.go:222.25,224.3 1 0
github.com/cloudfoundry-incubator/garden-linux/container_daemon/rlimits_manager.go:226.26,228.3 1 0
github.com/cloudfoundry-incubator/garden-linux/container_daemon/rlimits_manager.go:230.25,232.3 1 1
github.com/cloudfoundry-incubator/garden-linux/container_daemon/rlimits_manager.go:234.24,236.3 1 0
github.com/cloudfoundry-incubator/garden-linux/container_daemon/rlimits_manager.go:238.26,240.3 1 0
github.com/cloudfoundry-incubator/garden-linux/container_daemon/rlimits_manager.go:242.27,244.3 1 1
github.com/cloudfoundry-incubator/garden-linux/container_daemon/rlimits_manager.go:246.28,248.3 1 0
github.com/cloudfoundry-incubator/garden-linux/container_daemon/rlimits_manager.go:250.23,252.3 1 0
github.com/cloudfoundry-incubator/garden-linux/container_daemon/rlimits_manager.go:254.26,256.3 1 0
github.com/cloudfoundry-incubator/garden-linux/container_daemon/rlimits_manager.go:258.31,260.3 1 0
github.com/cloudfoundry-incubator/garden-linux/container_daemon/rlimits_manager.go:262.29,264.3 1 0
github.com/cloudfoundry-incubator/garden-linux/container_daemon/rlimits_manager.go:266.25,268.3 1 0
github.com/cloudfoundry-incubator/garden-linux/container_daemon/rlimits_manager.go:270.27,272.3 1 0
github.com/cloudfoundry-incubator/garden-linux/container_daemon/term.go:9.62,11.2 1 0
github.com/cloudfoundry-incubator/garden-linux/container_daemon/term.go:13.65,15.2 1 0
github.com/cloudfoundry-incubator/garden-linux/container_daemon/term.go:17.64,19.2 1 0
github.com/cloudfoundry-incubator/garden-linux/container_daemon/term.go:21.69,23.2 1 0
github.com/cloudfoundry-incubator/garden-linux/container_daemon/vars.go:9.45,12.2 2 6
github.com/cloudfoundry-incubator/garden-linux/container_daemon/vars.go:14.39,16.2 1 1
github.com/cloudfoundry-incubator/garden-linux/container_daemon/vars.go:18.40,20.2 1 1