mode: atomic
github.com/cloudfoundry-incubator/garden-linux/process_tracker/process.go:49.12,68.2 1 16
github.com/cloudfoundry-incubator/garden-linux/process_tracker/process.go:70.31,72.2 1 47
github.com/cloudfoundry-incubator/garden-linux/process_tracker/process.go:74.39,77.2 2 4
github.com/cloudfoundry-incubator/garden-linux/process_tracker/process.go:79.52,82.27 2 1
github.com/cloudfoundry-incubator/garden-linux/process_tracker/process.go:86.2,86.12 1 0
github.com/cloudfoundry-incubator/garden-linux/process_tracker/process.go:82.27,84.3 1 1
github.com/cloudfoundry-incubator/garden-linux/process_tracker/process.go:89.49,90.11 1 4
github.com/cloudfoundry-incubator/garden-linux/process_tracker/process.go:91.2,92.37 1 2
github.com/cloudfoundry-incubator/garden-linux/process_tracker/process.go:93.2,94.45 1 1
github.com/cloudfoundry-incubator/garden-linux/process_tracker/process.go:95.2,96.85 1 1
github.com/cloudfoundry-incubator/garden-linux/process_tracker/process.go:100.88,114.16 6 14
github.com/cloudfoundry-incubator/garden-linux/process_tracker/process.go:126.2,132.16 5 14
github.com/cloudfoundry-incubator/garden-linux/process_tracker/process.go:137.2,140.16 3 14
github.com/cloudfoundry-incubator/garden-linux/process_tracker/process.go:145.2,145.12 1 14
github.com/cloudfoundry-incubator/garden-linux/process_tracker/process.go:165.2,165.8 1 14
github.com/cloudfoundry-incubator/garden-linux/process_tracker/process.go:114.16,117.28 2 2
github.com/cloudfoundry-incubator/garden-linux/process_tracker/process.go:117.28,123.4 1 1
github.com/cloudfoundry-incubator/garden-linux/process_tracker/process.go:132.16,135.3 2 0
github.com/cloudfoundry-incubator/garden-linux/process_tracker/process.go:140.16,143.3 2 0
github.com/cloudfoundry-incubator/garden-linux/process_tracker/process.go:145.12,147.17 2 14
github.com/cloudfoundry-incubator/garden-linux/process_tracker/process.go:152.3,155.17 3 13
github.com/cloudfoundry-incubator/garden-linux/process_tracker/process.go:160.3,162.15 2 13
github.com/cloudfoundry-incubator/garden-linux/process_tracker/process.go:147.17,150.4 2 1
github.com/cloudfoundry-incubator/garden-linux/process_tracker/process.go:155.17,158.4 2 0
github.com/cloudfoundry-incubator/garden-linux/process_tracker/process.go:168.26,170.2 1 19
github.com/cloudfoundry-incubator/garden-linux/process_tracker/process.go:172.54,173.28 1 17
github.com/cloudfoundry-incubator/garden-linux/process_tracker/process.go:177.2,177.29 1 17
github.com/cloudfoundry-incubator/garden-linux/process_tracker/process.go:181.2,181.29 1 17
github.com/cloudfoundry-incubator/garden-linux/process_tracker/process.go:173.28,175.3 1 9
github.com/cloudfoundry-incubator/garden-linux/process_tracker/process.go:177.29,179.3 1 7
github.com/cloudfoundry-incubator/garden-linux/process_tracker/process.go:181.29,183.3 1 2
github.com/cloudfoundry-incubator/garden-linux/process_tracker/process.go:187.31,191.16 3 15
github.com/cloudfoundry-incubator/garden-linux/process_tracker/process.go:196.2,204.17 5 13
github.com/cloudfoundry-incubator/garden-linux/process_tracker/process.go:191.16,194.3 2 2
github.com/cloudfoundry-incubator/garden-linux/process_tracker/process.go:207.56,211.2 3 15
github.com/cloudfoundry-incubator/garden-linux/process_tracker/process_tracker.go:31.45,33.2 1 0
github.com/cloudfoundry-incubator/garden-linux/process_tracker/process_tracker.go:35.84,43.2 1 15
github.com/cloudfoundry-incubator/garden-linux/process_tracker/process_tracker.go:45.157,54.16 7 14
github.com/cloudfoundry-incubator/garden-linux/process_tracker/process_tracker.go:58.2,63.16 4 13
github.com/cloudfoundry-incubator/garden-linux/process_tracker/process_tracker.go:67.2,67.21 1 13
github.com/cloudfoundry-incubator/garden-linux/process_tracker/process_tracker.go:54.16,56.3 1 1
github.com/cloudfoundry-incubator/garden-linux/process_tracker/process_tracker.go:63.16,65.3 1 0
github.com/cloudfoundry-incubator/garden-linux/process_tracker/process_tracker.go:70.103,75.9 4 4
github.com/cloudfoundry-incubator/garden-linux/process_tracker/process_tracker.go:79.2,83.21 3 4
github.com/cloudfoundry-incubator/garden-linux/process_tracker/process_tracker.go:75.9,77.3 1 0
github.com/cloudfoundry-incubator/garden-linux/process_tracker/process_tracker.go:86.73,96.2 5 2
github.com/cloudfoundry-incubator/garden-linux/process_tracker/process_tracker.go:98.61,105.38 5 9
github.com/cloudfoundry-incubator/garden-linux/process_tracker/process_tracker.go:110.2,110.18 1 9
github.com/cloudfoundry-incubator/garden-linux/process_tracker/process_tracker.go:105.38,108.3 2 9
github.com/cloudfoundry-incubator/garden-linux/process_tracker/process_tracker.go:113.49,118.9 4 19
github.com/cloudfoundry-incubator/garden-linux/process_tracker/process_tracker.go:122.2,126.8 3 19
github.com/cloudfoundry-incubator/garden-linux/process_tracker/process_tracker.go:118.9,120.3 1 0
github.com/cloudfoundry-incubator/garden-linux/process_tracker/process_tracker.go:129.55,134.2 3 19