mode: atomic
github.com/cloudfoundry-incubator/garden-linux/port_pool/port_pool.go:18.44,20.2 1 0
github.com/cloudfoundry-incubator/garden-linux/port_pool/port_pool.go:26.40,28.2 1 0
github.com/cloudfoundry-incubator/garden-linux/port_pool/port_pool.go:30.49,31.24 1 8
github.com/cloudfoundry-incubator/garden-linux/port_pool/port_pool.go:35.2,37.38 2 7
github.com/cloudfoundry-incubator/garden-linux/port_pool/port_pool.go:41.2,46.8 1 7
github.com/cloudfoundry-incubator/garden-linux/port_pool/port_pool.go:31.24,33.3 1 1
github.com/cloudfoundry-incubator/garden-linux/port_pool/port_pool.go:37.38,39.3 1 18
github.com/cloudfoundry-incubator/garden-linux/port_pool/port_pool.go:49.46,53.22 3 19
github.com/cloudfoundry-incubator/garden-linux/port_pool/port_pool.go:57.2,61.18 3 15
github.com/cloudfoundry-incubator/garden-linux/port_pool/port_pool.go:53.22,55.3 1 4
github.com/cloudfoundry-incubator/garden-linux/port_pool/port_pool.go:64.46,71.38 5 2
github.com/cloudfoundry-incubator/garden-linux/port_pool/port_pool.go:79.2,79.12 1 2
github.com/cloudfoundry-incubator/garden-linux/port_pool/port_pool.go:83.2,85.12 2 1
github.com/cloudfoundry-incubator/garden-linux/port_pool/port_pool.go:71.38,72.27 1 2
github.com/cloudfoundry-incubator/garden-linux/port_pool/port_pool.go:72.27,75.9 3 1
github.com/cloudfoundry-incubator/garden-linux/port_pool/port_pool.go:79.12,81.3 1 1
github.com/cloudfoundry-incubator/garden-linux/port_pool/port_pool.go:88.41,89.46 1 4
github.com/cloudfoundry-incubator/garden-linux/port_pool/port_pool.go:93.2,96.38 3 3
github.com/cloudfoundry-incubator/garden-linux/port_pool/port_pool.go:102.2,102.31 1 2
github.com/cloudfoundry-incubator/garden-linux/port_pool/port_pool.go:89.46,91.3 1 1
github.com/cloudfoundry-incubator/garden-linux/port_pool/port_pool.go:96.38,97.27 1 4
github.com/cloudfoundry-incubator/garden-linux/port_pool/port_pool.go:97.27,99.4 1 1