mode: atomic
github.com/cloudfoundry-incubator/garden-linux/process_tracker/writer/fan_in.go:16.23,18.2 1 9
github.com/cloudfoundry-incubator/garden-linux/process_tracker/writer/fan_in.go:28.50,34.15 4 7
github.com/cloudfoundry-incubator/garden-linux/process_tracker/writer/fan_in.go:38.2,38.25 1 6
github.com/cloudfoundry-incubator/garden-linux/process_tracker/writer/fan_in.go:34.15,36.3 1 1
github.com/cloudfoundry-incubator/garden-linux/process_tracker/writer/fan_in.go:41.32,47.15 4 7
github.com/cloudfoundry-incubator/garden-linux/process_tracker/writer/fan_in.go:51.2,53.21 2 6
github.com/cloudfoundry-incubator/garden-linux/process_tracker/writer/fan_in.go:47.15,49.3 1 1
github.com/cloudfoundry-incubator/garden-linux/process_tracker/writer/fan_in.go:57.47,62.2 2 9
github.com/cloudfoundry-incubator/garden-linux/process_tracker/writer/fan_in.go:64.46,65.12 1 3
github.com/cloudfoundry-incubator/garden-linux/process_tracker/writer/fan_in.go:65.12,67.17 2 3
github.com/cloudfoundry-incubator/garden-linux/process_tracker/writer/fan_in.go:67.17,69.4 1 2
github.com/cloudfoundry-incubator/garden-linux/process_tracker/writer/fan_out.go:13.25,15.2 1 4
github.com/cloudfoundry-incubator/garden-linux/process_tracker/writer/fan_out.go:22.50,28.28 3 4
github.com/cloudfoundry-incubator/garden-linux/process_tracker/writer/fan_out.go:32.2,32.23 1 4
github.com/cloudfoundry-incubator/garden-linux/process_tracker/writer/fan_out.go:28.28,30.3 1 4
github.com/cloudfoundry-incubator/garden-linux/process_tracker/writer/fan_out.go:35.42,40.2 3 4